<?xml version="1.0" encoding="UTF-8"?>
<!-- Generated by org.testng.reporters.JUnitReportReporter -->
<testsuite hostname="DESKTOP-T0QIQT9" failures="0" tests="1" name="Test_Script.Test_Script1" time="0.706" errors="0" timestamp="2023-06-28T08:45:56 IST" skipped="0">
  <testcase classname="Test_Script.Test_Script1" name="test1" time="0.706"/>
</testsuite> <!-- Test_Script.Test_Script1 -->
